Started by timer
Running as SYSTEM
Building remotely on [8mha:////4OdgDGPX9ixUPFgFDDGCO4B2v3cQ4S3fvgdn4U/g1/gVAAAAnB+LCAAAAAAAAP9b85aBtbiIQTGjNKU4P08vOT+vOD8nVc83PyU1x6OyILUoJzMv2y+/JJUBAhiZGBgqihhk0NSjKDWzXb3RdlLBUSYGJk8GtpzUvPSSDB8G5tKinBIGIZ+sxLJE/ZzEvHT94JKizLx0a6BxUmjGOUNodHsLgAy2EgYB/eT83ILSktQi/cT01LwSIwCMcymcxQAAAA==[0magent2 (ubuntu linux) in workspace /home/zsofia/jenkins-agent/workspace/I can win job - linux
The recommended git tool is: NONE
No credentials specified
 > /usr/lib/git-core/git rev-parse --resolve-git-dir /home/zsofia/jenkins-agent/workspace/I can win job - linux/.git # timeout=10
Fetching changes from the remote Git repository
 > /usr/lib/git-core/git config remote.origin.url https://github.com/vitalliuss/helloci.git # timeout=10
Fetching upstream changes from https://github.com/vitalliuss/helloci.git
 > /usr/lib/git-core/git --version # timeout=10
 > git --version # 'git version 2.17.1'
 > /usr/lib/git-core/git fetch --tags --progress -- https://github.com/vitalliuss/helloci.git +refs/heads/*:refs/remotes/origin/* # timeout=10
 > /usr/lib/git-core/git rev-parse refs/remotes/origin/master^{commit} # timeout=10
Checking out Revision 71518a34152cb6c6039a2443ced60af30a31f14c (refs/remotes/origin/master)
 > /usr/lib/git-core/git config core.sparsecheckout # timeout=10
 > /usr/lib/git-core/git checkout -f 71518a34152cb6c6039a2443ced60af30a31f14c # timeout=10
Commit message: "Merge pull request #16 from EvgeniyRozhenko/fix-pom-utf8"
 > /usr/lib/git-core/git rev-list --no-walk 71518a34152cb6c6039a2443ced60af30a31f14c # timeout=10
[I can win job - linux] $ /usr/share/maven/bin/mvn -f Java/pom.xml test
[[1;34mINFO[m] Scanning for projects...
[[1;34mINFO[m] 
[[1;34mINFO[m] [1m---------------< [0;36mcom.github.vitalliuss.helloci:hello-ci[0;1m >---------------[m
[[1;34mINFO[m] [1mBuilding hello-ci 1.0-SNAPSHOT[m
[[1;34mINFO[m] [1m--------------------------------[ jar ]---------------------------------[m
[[1;34mINFO[m] 
[[1;34mINFO[m] [1m--- [0;32mmaven-resources-plugin:2.6:resources[m [1m(default-resources)[m @ [36mhello-ci[0;1m ---[m
[[1;34mINFO[m] Using 'UTF-8' encoding to copy filtered resources.
[[1;34mINFO[m] skip non existing resourceDirectory /home/zsofia/jenkins-agent/workspace/I can win job - linux/Java/src/main/resources
[[1;34mINFO[m] 
[[1;34mINFO[m] [1m--- [0;32mmaven-compiler-plugin:3.1:compile[m [1m(default-compile)[m @ [36mhello-ci[0;1m ---[m
[[1;34mINFO[m] Nothing to compile - all classes are up to date
[[1;34mINFO[m] 
[[1;34mINFO[m] [1m--- [0;32mmaven-resources-plugin:2.6:testResources[m [1m(default-testResources)[m @ [36mhello-ci[0;1m ---[m
[[1;34mINFO[m] Using 'UTF-8' encoding to copy filtered resources.
[[1;34mINFO[m] skip non existing resourceDirectory /home/zsofia/jenkins-agent/workspace/I can win job - linux/Java/src/test/resources
[[1;34mINFO[m] 
[[1;34mINFO[m] [1m--- [0;32mmaven-compiler-plugin:3.1:testCompile[m [1m(default-testCompile)[m @ [36mhello-ci[0;1m ---[m
[[1;34mINFO[m] Nothing to compile - all classes are up to date
[[1;34mINFO[m] 
[[1;34mINFO[m] [1m--- [0;32mmaven-surefire-plugin:3.0.0-M1:test[m [1m(default-test)[m @ [36mhello-ci[0;1m ---[m
[[1;34mINFO[m] 
[[1;34mINFO[m] -------------------------------------------------------
[[1;34mINFO[m]  T E S T S
[[1;34mINFO[m] -------------------------------------------------------
[[1;34mINFO[m] Running com.github.vitalliuss.helloci.[1mAppTest[m
[[1;31mERROR[m] [1;31mTests [0;1mrun: [0;1m5[m, [1;31mFailures: [0;1;31m1[m, Errors: 0, [1;33mSkipped: [0;1;33m1[m, Time elapsed: 0.382 s[1;31m <<< FAILURE![m - in com.github.vitalliuss.helloci.[1mAppTest[m
[[1;31mERROR[m] testShouldBeFailed(com.github.vitalliuss.helloci.AppTest)  Time elapsed: 0.065 s  <<< FAILURE!
java.lang.AssertionError
	at com.github.vitalliuss.helloci.AppTest.testShouldBeFailed(AppTest.java:21)

[[1;34mINFO[m] 
[[1;34mINFO[m] Results:
[[1;34mINFO[m] 
[[1;31mERROR[m] [1;31mFailures: [m
[[1;31mERROR[m] [1;31m  AppTest.testShouldBeFailed:21[m
[[1;34mINFO[m] 
[[1;31mERROR[m] [1;31mTests run: 5, Failures: 1, Errors: 0, Skipped: 1[m
[[1;34mINFO[m] 
[[1;34mINFO[m] [1m------------------------------------------------------------------------[m
[[1;34mINFO[m] [1;31mBUILD FAILURE[m
[[1;34mINFO[m] [1m------------------------------------------------------------------------[m
[[1;34mINFO[m] Total time:  9.467 s
[[1;34mINFO[m] Finished at: 2022-08-09T19:46:16+02:00
[[1;34mINFO[m] [1m------------------------------------------------------------------------[m
[[1;31mERROR[m] Failed to execute goal [32morg.apache.maven.plugins:maven-surefire-plugin:3.0.0-M1:test[m [1m(default-test)[m on project [36mhello-ci[m: [1;31mThere are test failures.[m
[[1;31mERROR[m] [1;31m[m
[[1;31mERROR[m] [1;31mPlease refer to /home/zsofia/jenkins-agent/workspace/I can win job - linux/Java/target/surefire-reports for the individual test results.[m
[[1;31mERROR[m] [1;31mPlease refer to dump files (if any exist) [date].dump, [date]-jvmRun[N].dump and [date].dumpstream.[m
[[1;31mERROR[m] -> [1m[Help 1][m
[[1;31mERROR[m] 
[[1;31mERROR[m] To see the full stack trace of the errors, re-run Maven with the [1m-e[m switch.
[[1;31mERROR[m] Re-run Maven using the [1m-X[m switch to enable full debug logging.
[[1;31mERROR[m] 
[[1;31mERROR[m] For more information about the errors and possible solutions, please read the following articles:
[[1;31mERROR[m] [1m[Help 1][m http://cwiki.apache.org/confluence/display/MAVEN/MojoFailureException
Build step 'Invoke top-level Maven targets' marked build as failure
Finished: FAILURE
