Started by timer
Running as SYSTEM
Building remotely on [8mha:////4Eg5g8uqOjoyEo7SLz/a2QL3mVbtMQHF/qHqFzjvQR0mAAAAnB+LCAAAAAAAAP9b85aBtbiIQTGjNKU4P08vOT+vOD8nVc83PyU1x6OyILUoJzMv2y+/JJUBAhiZGBgqihhk0NSjKDWzXb3RdlLBUSYGJk8GtpzUvPSSDB8G5tKinBIGIZ+sxLJE/ZzEvHT94JKizLx0a6BxUmjGOUNodHsLgAy2EgYB/eT83ILSktQi/cT01LwSQwA2IiAFxQAAAA==[0magent1 (win10) in workspace C:\slave\workspace\Bring it on job - windows
The recommended git tool is: NONE
No credentials specified
Cloning the remote Git repository
Cloning repository https://github.com/vitalliuss/helloci.git
 > git.exe init C:\slave\workspace\Bring it on job - windows # timeout=10
Fetching upstream changes from https://github.com/vitalliuss/helloci.git
 > git.exe --version # timeout=10
 > git --version # 'git version 2.37.1.windows.1'
 > git.exe fetch --tags --force --progress -- https://github.com/vitalliuss/helloci.git +refs/heads/*:refs/remotes/origin/* # timeout=10
 > git.exe config remote.origin.url https://github.com/vitalliuss/helloci.git # timeout=10
 > git.exe config --add remote.origin.fetch +refs/heads/*:refs/remotes/origin/* # timeout=10
Avoid second fetch
 > git.exe rev-parse "refs/remotes/origin/master^{commit}" # timeout=10
Checking out Revision 71518a34152cb6c6039a2443ced60af30a31f14c (refs/remotes/origin/master)
 > git.exe config core.sparsecheckout # timeout=10
 > git.exe checkout -f 71518a34152cb6c6039a2443ced60af30a31f14c # timeout=10
Commit message: "Merge pull request #16 from EvgeniyRozhenko/fix-pom-utf8"
 > git.exe rev-list --no-walk 71518a34152cb6c6039a2443ced60af30a31f14c # timeout=10
[Bring it on job - windows] $ cmd.exe /C '""C:\Program Files\apache-maven-3.8.6\bin\mvn.cmd"' -f Java/pom.xml cobertura:cobertura && exit %%ERRORLEVEL%%"
[INFO] Scanning for projects...
[INFO] 
[INFO] ---------------< com.github.vitalliuss.helloci:hello-ci >---------------
[INFO] Building hello-ci 1.0-SNAPSHOT
[INFO] --------------------------------[ jar ]---------------------------------
[INFO] 
[INFO] >>> cobertura-maven-plugin:2.7:cobertura (default-cli) > [cobertura]test @ hello-ci >>>
[INFO] 
[8mha:////4FvGMec9a2m8yGwAvQ1YqR4tOfrBWQSjdBwpw7NmRhkQAAAAYB+LCAAAAAAAAP9b85aBtbiIQSmjNKU4P0+vJLE4u1gvPjexLDVPzxdEGvvmZ+X75Zek2mxOX+vh68DGxMBQUcQgBdWQnJ9XnJ+TqucMoUEKGSCAEaSwAAAn9LoiYAAAAA==[0m[INFO] --- maven-resources-plugin:2.6:resources (default-resources) @ hello-ci ---
[INFO] Using 'UTF-8' encoding to copy filtered resources.
[INFO] skip non existing resourceDirectory C:\slave\workspace\Bring it on job - windows\Java\src\main\resources
[INFO] 
[8mha:////4FvGMec9a2m8yGwAvQ1YqR4tOfrBWQSjdBwpw7NmRhkQAAAAYB+LCAAAAAAAAP9b85aBtbiIQSmjNKU4P0+vJLE4u1gvPjexLDVPzxdEGvvmZ+X75Zek2mxOX+vh68DGxMBQUcQgBdWQnJ9XnJ+TqucMoUEKGSCAEaSwAAAn9LoiYAAAAA==[0m[INFO] --- maven-compiler-plugin:3.1:compile (default-compile) @ hello-ci ---
[INFO] Changes detected - recompiling the module!
[INFO] Compiling 2 source files to C:\slave\workspace\Bring it on job - windows\Java\target\classes
[INFO] 
[8mha:////4FvGMec9a2m8yGwAvQ1YqR4tOfrBWQSjdBwpw7NmRhkQAAAAYB+LCAAAAAAAAP9b85aBtbiIQSmjNKU4P0+vJLE4u1gvPjexLDVPzxdEGvvmZ+X75Zek2mxOX+vh68DGxMBQUcQgBdWQnJ9XnJ+TqucMoUEKGSCAEaSwAAAn9LoiYAAAAA==[0m[INFO] --- cobertura-maven-plugin:2.7:instrument (default-cli) @ hello-ci ---
[INFO] Cobertura 2.1.1 - GNU GPL License (NO WARRANTY) - See COPYRIGHT file
[INFO] Cobertura: Saved information on 2 classes.
[INFO] Cobertura: Saved information on 2 classes.

[INFO] Instrumentation was successful.
[INFO] NOT adding cobertura ser file to attached artifacts list.
[INFO] 
[8mha:////4FvGMec9a2m8yGwAvQ1YqR4tOfrBWQSjdBwpw7NmRhkQAAAAYB+LCAAAAAAAAP9b85aBtbiIQSmjNKU4P0+vJLE4u1gvPjexLDVPzxdEGvvmZ+X75Zek2mxOX+vh68DGxMBQUcQgBdWQnJ9XnJ+TqucMoUEKGSCAEaSwAAAn9LoiYAAAAA==[0m[INFO] --- maven-resources-plugin:2.6:testResources (default-testResources) @ hello-ci ---
[INFO] Using 'UTF-8' encoding to copy filtered resources.
[INFO] skip non existing resourceDirectory C:\slave\workspace\Bring it on job - windows\Java\src\test\resources
[INFO] 
[8mha:////4FvGMec9a2m8yGwAvQ1YqR4tOfrBWQSjdBwpw7NmRhkQAAAAYB+LCAAAAAAAAP9b85aBtbiIQSmjNKU4P0+vJLE4u1gvPjexLDVPzxdEGvvmZ+X75Zek2mxOX+vh68DGxMBQUcQgBdWQnJ9XnJ+TqucMoUEKGSCAEaSwAAAn9LoiYAAAAA==[0m[INFO] --- maven-compiler-plugin:3.1:testCompile (default-testCompile) @ hello-ci ---
[INFO] Changes detected - recompiling the module!
[INFO] Compiling 1 source file to C:\slave\workspace\Bring it on job - windows\Java\target\test-classes
[INFO] 
[8mha:////4FvGMec9a2m8yGwAvQ1YqR4tOfrBWQSjdBwpw7NmRhkQAAAAYB+LCAAAAAAAAP9b85aBtbiIQSmjNKU4P0+vJLE4u1gvPjexLDVPzxdEGvvmZ+X75Zek2mxOX+vh68DGxMBQUcQgBdWQnJ9XnJ+TqucMoUEKGSCAEaSwAAAn9LoiYAAAAA==[0m[INFO] --- maven-surefire-plugin:3.0.0-M1:test (default-test) @ hello-ci ---
[INFO] 
[INFO] -------------------------------------------------------
[INFO]  T E S T S
[INFO] -------------------------------------------------------
[INFO] Running com.github.vitalliuss.helloci.AppTest
[8mha:////4Eb9CgsmDChaJAijuTDfGMb3lR65dmkq28iKZzkjuOhqAAAAYB+LCAAAAAAAAP9b85aBtbiIQSmjNKU4P0+vJLE4u1gvPjexLDVPzxdEuhYV5Rf55Zek1m9pfpLfVWLNxMBQUcQgBdWQnJ9XnJ+TqucMoUEKGSCAEaSwAABqVhoSYAAAAA==[0m[ERROR] Tests run: 5, Failures: 1, Errors: 0, Skipped: 1, Time elapsed: 0.566 s <<< FAILURE! - in com.github.vitalliuss.helloci.AppTest
[8mha:////4Eb9CgsmDChaJAijuTDfGMb3lR65dmkq28iKZzkjuOhqAAAAYB+LCAAAAAAAAP9b85aBtbiIQSmjNKU4P0+vJLE4u1gvPjexLDVPzxdEuhYV5Rf55Zek1m9pfpLfVWLNxMBQUcQgBdWQnJ9XnJ+TqucMoUEKGSCAEaSwAABqVhoSYAAAAA==[0m[ERROR] testShouldBeFailed(com.github.vitalliuss.helloci.AppTest)  Time elapsed: 0.025 s  <<< FAILURE!
java.lang.AssertionError
	at com.github.vitalliuss.helloci.AppTest.testShouldBeFailed(AppTest.java:21)

[INFO] Cobertura: Loaded information on 2 classes.
[INFO] Cobertura: Saved information on 2 classes.
[INFO] 
[INFO] Results:
[INFO] 
[8mha:////4Eb9CgsmDChaJAijuTDfGMb3lR65dmkq28iKZzkjuOhqAAAAYB+LCAAAAAAAAP9b85aBtbiIQSmjNKU4P0+vJLE4u1gvPjexLDVPzxdEuhYV5Rf55Zek1m9pfpLfVWLNxMBQUcQgBdWQnJ9XnJ+TqucMoUEKGSCAEaSwAABqVhoSYAAAAA==[0m[ERROR] Failures: 
[8mha:////4Eb9CgsmDChaJAijuTDfGMb3lR65dmkq28iKZzkjuOhqAAAAYB+LCAAAAAAAAP9b85aBtbiIQSmjNKU4P0+vJLE4u1gvPjexLDVPzxdEuhYV5Rf55Zek1m9pfpLfVWLNxMBQUcQgBdWQnJ9XnJ+TqucMoUEKGSCAEaSwAABqVhoSYAAAAA==[0m[ERROR]   AppTest.testShouldBeFailed:21
[INFO] 
[8mha:////4Eb9CgsmDChaJAijuTDfGMb3lR65dmkq28iKZzkjuOhqAAAAYB+LCAAAAAAAAP9b85aBtbiIQSmjNKU4P0+vJLE4u1gvPjexLDVPzxdEuhYV5Rf55Zek1m9pfpLfVWLNxMBQUcQgBdWQnJ9XnJ+TqucMoUEKGSCAEaSwAABqVhoSYAAAAA==[0m[ERROR] Tests run: 5, Failures: 1, Errors: 0, Skipped: 1
[INFO] 
[8mha:////4Eb9CgsmDChaJAijuTDfGMb3lR65dmkq28iKZzkjuOhqAAAAYB+LCAAAAAAAAP9b85aBtbiIQSmjNKU4P0+vJLE4u1gvPjexLDVPzxdEuhYV5Rf55Zek1m9pfpLfVWLNxMBQUcQgBdWQnJ9XnJ+TqucMoUEKGSCAEaSwAABqVhoSYAAAAA==[0m[ERROR] There are test failures.

Please refer to C:\slave\workspace\Bring it on job - windows\Java\target\surefire-reports for the individual test results.
Please refer to dump files (if any exist) [date].dump, [date]-jvmRun[N].dump and [date].dumpstream.
[INFO] 
[INFO] <<< cobertura-maven-plugin:2.7:cobertura (default-cli) < [cobertura]test @ hello-ci <<<
[INFO] 
[INFO] 
[8mha:////4FvGMec9a2m8yGwAvQ1YqR4tOfrBWQSjdBwpw7NmRhkQAAAAYB+LCAAAAAAAAP9b85aBtbiIQSmjNKU4P0+vJLE4u1gvPjexLDVPzxdEGvvmZ+X75Zek2mxOX+vh68DGxMBQUcQgBdWQnJ9XnJ+TqucMoUEKGSCAEaSwAAAn9LoiYAAAAA==[0m[INFO] --- cobertura-maven-plugin:2.7:cobertura (default-cli) @ hello-ci ---
[INFO] Cobertura 2.1.1 - GNU GPL License (NO WARRANTY) - See COPYRIGHT file
[INFO] Cobertura: Loaded information on 2 classes.
Report time: 240ms

[INFO] Cobertura Report generation was successful.
[INFO] ------------------------------------------------------------------------
[INFO] BUILD SUCCESS
[INFO] ------------------------------------------------------------------------
[INFO] Total time:  13.204 s
[INFO] Finished at: 2022-08-10T10:50:27+02:00
[INFO] ------------------------------------------------------------------------
Archiving artifacts
[Cobertura] Publishing Cobertura coverage report...

[Cobertura] Publishing Cobertura coverage results...

[Cobertura] Cobertura coverage report found.

[Cobertura] Code coverage enforcement failed for the following metrics:

[Cobertura]     Methods's stability is 33.33 and set mininum stability is 80.0.

[Cobertura]     Lines's stability is 28.57 and set mininum stability is 80.0.

[Cobertura] Setting Build to unstable.

Build step 'Publish Cobertura Coverage Report' changed build result to UNSTABLE
Finished: UNSTABLE
